{"/home/mmaryvon/Documents/projects/public/cnamts/github/dashboard-glob/packages/web/dashboard-admin/src/components/HelloWorld.vue": {"path":"/home/mmaryvon/Documents/projects/public/cnamts/github/dashboard-glob/packages/web/dashboard-admin/src/components/HelloWorld.vue","statementMap":{"0":{"start":{"line":39,"column":0},"end":{"line":39,"column":null}},"1":{"start":{"line":42,"column":0},"end":{"line":42,"column":null}},"2":{"start":{"line":43,"column":0},"end":{"line":43,"column":null}}},"fnMap":{},"branchMap":{},"s":{"0":1,"1":2,"2":1},"f":{},"b":{}}
}
